\BOOKMARK [1][-]{section.1}{\376\377\000I\000n\000t\000r\000o\000d\000u\000c\000c\000i\000\363\000n}{}% 1
\BOOKMARK [2][-]{subsection.1.1}{\376\377\000C\000\363\000d\000i\000g\000o\000\040\000f\000u\000e\000n\000t\000e}{section.1}% 2
\BOOKMARK [1][-]{section.2}{\376\377\000I\000n\000t\000r\000o\000d\000u\000c\000c\000i\000\363\000n\000\040\000a\000\040\000S\000h\000a\000p\000l\000e\000y\000\040\000y\000\040\000A\000S\000V}{}% 3
\BOOKMARK [2][-]{subsection.2.1}{\376\377\000S\000H\000A\000P}{section.2}% 4
\BOOKMARK [2][-]{subsection.2.2}{\376\377\000C\000o\000m\000p\000l\000e\000j\000i\000d\000a\000d\000\040\000d\000e\000\040\000l\000a\000s\000\040\000e\000x\000p\000l\000i\000c\000a\000c\000i\000o\000n\000e\000s\000\040\000b\000a\000s\000a\000d\000a\000s\000\040\000e\000n\000\040\000S\000h\000a\000p\000l\000e\000y\000\040\000v\000a\000l\000u\000e\000s}{section.2}% 5
\BOOKMARK [3][-]{subsubsection.2.2.1}{\376\377\000R\000e\000s\000u\000l\000t\000a\000d\000o\000s\000\040\000c\000o\000n\000o\000c\000i\000d\000o\000s\000\040\000s\000o\000b\000r\000e\000\040\000l\000o\000s\000\040\000S\000h\000a\000p\000l\000e\000y\000\040\000V\000a\000l\000u\000e\000s}{subsection.2.2}% 6
\BOOKMARK [3][-]{subsubsection.2.2.2}{\376\377\000A\000s\000y\000m\000m\000e\000t\000r\000i\000c\000\040\000S\000h\000a\000p\000l\000e\000y\000\040\000V\000a\000l\000u\000e\000s\000\040\000\050\000A\000S\000V\000\051}{subsection.2.2}% 7
\BOOKMARK [1][-]{section.3}{\376\377\000G\000r\000a\000f\000o\000s\000\040\000C\000a\000u\000s\000a\000l\000e\000s}{}% 8
\BOOKMARK [2][-]{subsection.3.1}{\376\377\000R\000e\000d\000e\000s\000\040\000B\000a\000y\000e\000s\000i\000a\000n\000a\000s}{section.3}% 9
\BOOKMARK [2][-]{subsection.3.2}{\376\377\000P\000r\000e\000d\000i\000c\000c\000i\000\363\000n\000\040\000p\000r\000o\000m\000e\000d\000i\000o\000\040\000e\000n\000\040\000\341\000r\000b\000o\000l\000e\000s\000\040\000d\000e\000\040\000d\000e\000c\000i\000s\000i\000\363\000n}{section.3}% 10
\BOOKMARK [3][-]{subsubsection.3.2.1}{\376\377\000E\000x\000p\000a\000n\000d\000i\000e\000n\000d\000o\000\040\000l\000a\000\040\000p\000r\000e\000d\000i\000c\000c\000i\000\363\000n\000\040\000p\000r\000o\000m\000e\000d\000i\000o\000\040\000a\000\040\000f\000e\000a\000t\000u\000r\000e\000s\000\040\000n\000o\000\040\000b\000i\000n\000a\000r\000i\000o\000s}{subsection.3.2}% 11
\BOOKMARK [1][-]{section.4}{\376\377\000O\000p\000t\000i\000m\000i\000z\000a\000c\000i\000\363\000n\000\040\000p\000a\000r\000a\000\040\000A\000S\000V\000\040\000:\000\040\000C\000l\000a\000s\000e\000s\000\040\000d\000e\000\040\000e\000q\000u\000i\000v\000a\000l\000e\000n\000c\000i\000a}{}% 12
\BOOKMARK [2][-]{subsection.4.1}{\376\377\000N\000\372\000m\000e\000r\000o\000\040\000d\000e\000\040\000\363\000r\000d\000e\000n\000e\000s\000\040\000t\000o\000p\000o\000l\000\363\000g\000i\000c\000o\000s\000\040\000d\000e\000\040\000u\000n\000\040\000D\000A\000G}{section.4}% 13
\BOOKMARK [2][-]{subsection.4.2}{\376\377\000N\000\372\000m\000e\000r\000o\000\040\000d\000e\000\040\000c\000l\000a\000s\000e\000s\000\040\000d\000e\000\040\000e\000q\000u\000i\000v\000a\000l\000e\000n\000c\000i\000a\000s\000\040\000p\000a\000r\000a\000\040\000d\000t\000r\000e\000e\000s}{section.4}% 14
\BOOKMARK [2][-]{subsection.4.3}{\376\377\000C\000o\000t\000a\000\040\000s\000u\000p\000e\000r\000i\000o\000r\000\040\000p\000a\000r\000a\000\040\000l\000a\000s\000\040\000c\000l\000a\000s\000e\000s\000\040\000d\000e\000\040\000e\000q\000u\000i\000v\000a\000l\000e\000n\000c\000i\000a}{section.4}% 15
\BOOKMARK [1][-]{section.5}{\376\377\000A\000l\000g\000o\000r\000i\000t\000m\000o\000\040\000e\000x\000a\000c\000t\000o\000\040\000p\000a\000r\000a\000\040\000c\000l\000a\000s\000e\000s\000\040\000d\000e\000\040\000e\000q\000u\000i\000v\000a\000l\000e\000n\000c\000i\000a\000\040\000e\000n\000\040\000d\000t\000r\000e\000e\000s}{}% 16
\BOOKMARK [2][-]{subsection.5.1}{\376\377\000S\000o\000l\000u\000c\000i\000\363\000n\000\040\000N\000a\000i\000v\000e}{section.5}% 17
\BOOKMARK [2][-]{subsection.5.2}{\376\377\000A\000l\000g\000o\000r\000i\000t\000m\000o\000\040\000r\000e\000c\000u\000r\000s\000i\000v\000o}{section.5}% 18
\BOOKMARK [3][-]{subsubsection.5.2.1}{\376\377\000C\000l\000a\000s\000e\000s\000\040\000d\000e\000\040\000e\000q\000u\000i\000v\000a\000l\000e\000n\000c\000i\000a\000\040\000p\000a\000r\000a\000\040\000\341\000r\000b\000o\000l\000e\000s\000\040\000u\000n\000r\000e\000l\000a\000t\000e\000d}{subsection.5.2}% 19
\BOOKMARK [3][-]{subsubsection.5.2.2}{\376\377\000F\000u\000s\000i\000\363\000n\000\040\000d\000e\000\040\000c\000l\000a\000s\000e\000s\000\040\000d\000e\000\040\000u\000n\000r\000e\000l\000a\000t\000e\000d\000\040\000t\000r\000e\000e\000s\000\040\000c\000o\000n\000\040\000a\000n\000c\000e\000s\000t\000r\000o\000s\000\040\000y\000\040\000d\000e\000s\000c\000e\000n\000d\000i\000e\000n\000t\000e\000s}{subsection.5.2}% 20
\BOOKMARK [3][-]{subsubsection.5.2.3}{\376\377\000C\000o\000m\000b\000i\000n\000a\000n\000d\000o\000\040\000l\000o\000s\000\040\000a\000n\000c\000e\000s\000t\000r\000o\000s\000\040\000y\000\040\000l\000o\000s\000\040\000n\000o\000d\000o\000s\000\040\000n\000o\000\040\000r\000e\000l\000a\000c\000i\000o\000n\000a\000d\000o\000s}{subsection.5.2}% 21
\BOOKMARK [2][-]{subsection.5.3}{\376\377\000C\000o\000m\000p\000l\000e\000j\000i\000d\000a\000d\000\040\000d\000e\000l\000\040\000a\000l\000g\000o\000r\000i\000t\000m\000o}{section.5}% 22
\BOOKMARK [3][-]{subsubsection.5.3.1}{\376\377\000C\000o\000m\000p\000l\000e\000j\000i\000d\000a\000d\000\040\000t\000e\000m\000p\000o\000r\000a\000l\000\040\000d\000e\000\040\000U\000n\000r\000E\000C}{subsection.5.3}% 23
\BOOKMARK [3][-]{subsubsection.5.3.2}{\376\377\000C\000o\000m\000p\000l\000e\000j\000i\000d\000a\000d\000\040\000t\000e\000m\000p\000o\000r\000a\000l\000\040\000t\000o\000t\000a\000l}{subsection.5.3}% 24
\BOOKMARK [1][-]{section.6}{\376\377\000S\000a\000m\000p\000l\000e\000o\000\040\000d\000e\000\040\000t\000o\000p\000o\000s\000o\000r\000t\000s\000\040\000e\000n\000\040\000p\000o\000l\000y\000t\000r\000e\000e\000s}{}% 25
\BOOKMARK [2][-]{subsection.6.1}{\376\377\000A\000l\000g\000o\000r\000i\000t\000m\000o\000\040\000d\000e\000\040\000s\000a\000m\000p\000l\000e\000o}{section.6}% 26
\BOOKMARK [2][-]{subsection.6.2}{\376\377\000N\000\372\000m\000e\000r\000o\000\040\000d\000e\000\040\000\363\000r\000d\000e\000n\000e\000s\000\040\000t\000o\000p\000o\000l\000\363\000g\000i\000c\000o\000s\000\040\000d\000e\000\040\000u\000n\000\040\000p\000o\000l\000y\000t\000r\000e\000e}{section.6}% 27
\BOOKMARK [3][-]{subsubsection.6.2.1}{\376\377\000I\000d\000e\000a\000\040\000i\000n\000i\000c\000i\000a\000l}{subsection.6.2}% 28
\BOOKMARK [3][-]{subsubsection.6.2.2}{\376\377\000A\000l\000g\000o\000r\000i\000t\000m\000o\000\040\000f\000i\000n\000a\000l}{subsection.6.2}% 29
\BOOKMARK [2][-]{subsection.6.3}{\376\377\000C\000o\000m\000p\000l\000e\000j\000i\000d\000a\000d\000\040\000d\000e\000l\000\040\000a\000l\000g\000o\000r\000i\000t\000m\000o}{section.6}% 30
\BOOKMARK [1][-]{section.7}{\376\377\000A\000S\000V\000\040\000e\000n\000d\000\040\000t\000o\000\040\000e\000n\000d}{}% 31
\BOOKMARK [2][-]{subsection.7.1}{\376\377\000A\000S\000V\000\040\000e\000x\000a\000c\000t\000o}{section.7}% 32
\BOOKMARK [2][-]{subsection.7.2}{\376\377\000A\000S\000V\000\040\000a\000p\000r\000o\000x\000i\000m\000a\000d\000o}{section.7}% 33
\BOOKMARK [1][-]{section.8}{\376\377\000E\000x\000p\000e\000r\000i\000m\000e\000n\000t\000o\000s}{}% 34
\BOOKMARK [2][-]{subsection.8.1}{\376\377\000C\000l\000a\000s\000e\000s\000\040\000d\000e\000\040\000e\000q\000u\000i\000v\000a\000l\000e\000n\000c\000i\000a\000\040\000v\000s\000\040\000\323\000r\000d\000e\000n\000e\000s\000\040\000T\000o\000p\000o\000l\000\363\000g\000i\000c\000o\000s}{section.8}% 35
\BOOKMARK [2][-]{subsection.8.2}{\376\377\000A\000S\000V\000\040\000e\000x\000a\000c\000t\000o\000\040\000s\000i\000n\000\040\000E\000q\000C\000l\000a\000s\000s\000e\000s\000\040\000v\000s\000\040\000A\000S\000V\000\040\000a\000p\000r\000o\000x\000i\000m\000a\000d\000o}{section.8}% 36
\BOOKMARK [1][-]{section.9}{\376\377\000C\000o\000n\000c\000l\000u\000s\000i\000\363\000n}{}% 37
\BOOKMARK [1][-]{section.10}{\376\377\000A\000p\000\351\000n\000d\000i\000c\000e}{}% 38
\BOOKMARK [2][-]{subsection.10.1}{\376\377\000F\000\363\000r\000m\000u\000l\000a\000s\000\040}{section.10}% 39
\BOOKMARK [3][-]{subsubsection.10.1.1}{\376\377\000F\000u\000n\000c\000i\000o\000n\000e\000s\000\040\000a\000u\000x\000i\000l\000i\000a\000r\000e\000s\000\040\000d\000e\000l\000\040\000c\000\341\000l\000c\000u\000l\000o\000\040\000d\000e\000\040\000l\000o\000s\000\040\000u\000n\000r\000e\000l\000a\000t\000e\000d\000\040\000t\000r\000e\000e\000s}{subsection.10.1}% 40
\BOOKMARK [3][-]{subsubsection.10.1.2}{\376\377\000F\000u\000n\000c\000i\000\363\000n\000\040\000c\000o\000m\000p\000l\000e\000t\000a\000\040\000d\000e\000\040\000\043\000L\000O}{subsection.10.1}% 41
\BOOKMARK [3][-]{subsubsection.10.1.3}{\376\377\000F\000u\000n\000c\000i\000o\000n\000e\000s\000\040\000a\000u\000x\000i\000l\000i\000a\000r\000e\000s\000\040\000d\000e\000l\000\040\000c\000\341\000l\000c\000u\000l\000o\000\040\000d\000e\000\040\000c\000l\000a\000s\000e\000s\000\040\000d\000e\000\040\000e\000q\000u\000i\000v\000a\000l\000e\000n\000c\000i\000a\000s}{subsection.10.1}% 42
\BOOKMARK [3][-]{subsubsection.10.1.4}{\376\377\000C\000o\000m\000p\000l\000e\000j\000i\000d\000a\000d\000\040\000d\000e\000\040\000a\000l\000l\000P\000o\000s\000s\000i\000b\000l\000e\000O\000r\000d\000e\000r\000s}{subsection.10.1}% 43
\BOOKMARK [2][-]{subsection.10.2}{\376\377\000D\000e\000m\000o\000s\000t\000r\000a\000c\000i\000o\000n\000e\000s}{section.10}% 44
\BOOKMARK [3][-]{subsubsection.10.2.1}{\376\377\000A\000S\000V\000\040\000p\000u\000e\000d\000e\000\040\000c\000a\000l\000c\000u\000l\000a\000r\000s\000e\000\040\000e\000n\000\040\000t\000i\000e\000m\000p\000o\000\040\000p\000o\000l\000i\000n\000o\000m\000i\000a\000l\000\040\000p\000a\000r\000a\000\040\000u\000n\000a\000\040\000d\000i\000s\000t\000r\000i\000b\000u\000c\000i\000\363\000n\000\040\000N\000a\000i\000v\000e\000\040\000B\000a\000y\000e\000s}{subsection.10.2}% 45
\BOOKMARK [3][-]{subsubsection.10.2.2}{\376\377\000C\000o\000t\000a\000\040\000s\000u\000p\000e\000r\000i\000o\000r\000\040\000p\000a\000r\000a\000\040\000l\000a\000\040\000c\000a\000n\000t\000i\000d\000a\000d\000\040\000d\000e\000\040\000c\000l\000a\000s\000e\000s\000\040\000d\000e\000\040\000e\000q\000u\000i\000v\000a\000l\000e\000n\000c\000i\000a}{subsection.10.2}% 46
\BOOKMARK [3][-]{subsubsection.10.2.3}{\376\377\000E\000r\000r\000o\000r\000\040\000p\000a\000r\000a\000\040\000l\000a\000\040\000e\000s\000t\000i\000m\000a\000c\000i\000\363\000n\000\040\000d\000e\000\040\000A\000S\000V\000\040\000a\000\040\000t\000r\000a\000v\000\351\000s\000\040\000d\000e\000\040\000s\000a\000m\000p\000l\000e\000o\000s}{subsection.10.2}% 47
\BOOKMARK [2][-]{subsection.10.3}{\376\377\000F\000i\000g\000u\000r\000a\000s}{section.10}% 48
